<?xml version="1.0" encoding="UTF-8"?>
<testsuite name="com.example.VacBook.service.PersonServiceTest" tests="1" skipped="0" failures="0" errors="0" timestamp="2021-08-02T09:44:03" hostname="PE-BGLR-363.local" time="0.059">
  <properties/>
  <testcase name="Test if slot for dose 2 updates in Person" classname="com.example.VacBook.service.PersonServiceTest" time="0.059"/>
  <system-out><![CDATA[15:13:50.023 [Test worker] DEBUG org.springframework.test.context.BootstrapUtils - Instantiating CacheAwareContextLoaderDelegate from class [org.springframework.test.context.cache.DefaultCacheAwareContextLoaderDelegate]
15:13:50.033 [Test worker] DEBUG org.springframework.test.context.BootstrapUtils - Instantiating BootstrapContext using constructor [public org.springframework.test.context.support.DefaultBootstrapContext(java.lang.Class,org.springframework.test.context.CacheAwareContextLoaderDelegate)]
15:13:50.095 [Test worker] DEBUG org.springframework.test.context.BootstrapUtils - Instantiating TestContextBootstrapper for test class [com.example.VacBook.service.PersonServiceTest] from class [org.springframework.boot.test.context.SpringBootTestContextBootstrapper]
15:13:50.117 [Test worker] INFO org.springframework.boot.test.context.SpringBootTestContextBootstrapper - Neither @ContextConfiguration nor @ContextHierarchy found for test class [com.example.VacBook.service.PersonServiceTest], using SpringBootContextLoader
15:13:50.120 [Test worker] DEBUG org.springframework.test.context.support.AbstractContextLoader - Did not detect default resource location for test class [com.example.VacBook.service.PersonServiceTest]: class path resource [com/example/VacBook/service/PersonServiceTest-context.xml] does not exist
15:13:50.120 [Test worker] DEBUG org.springframework.test.context.support.AbstractContextLoader - Did not detect default resource location for test class [com.example.VacBook.service.PersonServiceTest]: class path resource [com/example/VacBook/service/PersonServiceTestContext.groovy] does not exist
15:13:50.121 [Test worker] INFO org.springframework.test.context.support.AbstractContextLoader - Could not detect default resource locations for test class [com.example.VacBook.service.PersonServiceTest]: no resource found for suffixes {-context.xml, Context.groovy}.
15:13:50.122 [Test worker] INFO org.springframework.test.context.support.AnnotationConfigContextLoaderUtils - Could not detect default configuration classes for test class [com.example.VacBook.service.PersonServiceTest]: PersonServiceTest does not declare any static, non-private, non-final, nested classes annotated with @Configuration.
15:13:50.220 [Test worker] DEBUG org.springframework.test.context.support.ActiveProfilesUtils - Could not find an 'annotation declaring class' for annotation type [org.springframework.test.context.ActiveProfiles] and class [com.example.VacBook.service.PersonServiceTest]
15:13:50.305 [Test worker] DEBUG org.springframework.context.annotation.ClassPathScanningCandidateComponentProvider - Identified candidate component class: file [/Users/avina/Downloads/VacBook/build/classes/kotlin/main/com/example/VacBook/VacBookApplication.class]
15:13:50.309 [Test worker] INFO org.springframework.boot.test.context.SpringBootTestContextBootstrapper - Found @SpringBootConfiguration com.example.VacBook.VacBookApplication for test class com.example.VacBook.service.PersonServiceTest
15:13:50.451 [Test worker] DEBUG org.springframework.boot.test.context.SpringBootTestContextBootstrapper - @TestExecutionListeners is not present for class [com.example.VacBook.service.PersonServiceTest]: using defaults.
15:13:50.452 [Test worker] INFO org.springframework.boot.test.context.SpringBootTestContextBootstrapper - Loaded default TestExecutionListener class names from location [META-INF/spring.factories]: [org.springframework.boot.test.autoconfigure.restdocs.RestDocsTestExecutionListener, org.springframework.boot.test.autoconfigure.web.client.MockRestServiceServerResetTestExecutionListener, org.springframework.boot.test.autoconfigure.web.servlet.MockMvcPrintOnlyOnFailureTestExecutionListener, org.springframework.boot.test.autoconfigure.web.servlet.WebDriverTestExecutionListener, org.springframework.boot.test.autoconfigure.webservices.client.MockWebServiceServerTestExecutionListener, org.springframework.boot.test.mock.mockito.MockitoTestExecutionListener, org.springframework.boot.test.mock.mockito.ResetMocksTestExecutionListener, org.springframework.test.context.web.ServletTestExecutionListener, org.springframework.test.context.support.DirtiesContextBeforeModesTestExecutionListener, org.springframework.test.context.event.ApplicationEventsTestExecutionListener, org.springframework.test.context.support.DependencyInjectionTestExecutionListener, org.springframework.test.context.support.DirtiesContextTestExecutionListener, org.springframework.test.context.transaction.TransactionalTestExecutionListener, org.springframework.test.context.jdbc.SqlScriptsTestExecutionListener, org.springframework.test.context.event.EventPublishingTestExecutionListener]
15:13:50.466 [Test worker] INFO org.springframework.boot.test.context.SpringBootTestContextBootstrapper - Using TestExecutionListeners: [org.springframework.test.context.web.ServletTestExecutionListener@37fb54f1, org.springframework.test.context.support.DirtiesContextBeforeModesTestExecutionListener@5c2ba11e, org.springframework.test.context.event.ApplicationEventsTestExecutionListener@6cd493fa, org.springframework.boot.test.mock.mockito.MockitoTestExecutionListener@3d0e9286, org.springframework.boot.test.autoconfigure.SpringBootDependencyInjectionTestExecutionListener@503f050a, org.springframework.test.context.support.DirtiesContextTestExecutionListener@519d6d42, org.springframework.test.context.transaction.TransactionalTestExecutionListener@191e6fc8, org.springframework.test.context.jdbc.SqlScriptsTestExecutionListener@504d44cf, org.springframework.test.context.event.EventPublishingTestExecutionListener@78720c99, org.springframework.boot.test.autoconfigure.restdocs.RestDocsTestExecutionListener@423f89a8, org.springframework.boot.test.autoconfigure.web.client.MockRestServiceServerResetTestExecutionListener@2835de08, org.springframework.boot.test.autoconfigure.web.servlet.MockMvcPrintOnlyOnFailureTestExecutionListener@12649cfd, org.springframework.boot.test.autoconfigure.web.servlet.WebDriverTestExecutionListener@7a9a5cec, org.springframework.boot.test.autoconfigure.webservices.client.MockWebServiceServerTestExecutionListener@44d6e8de, org.springframework.boot.test.mock.mockito.ResetMocksTestExecutionListener@4215bbd2]
15:13:50.471 [Test worker] DEBUG org.springframework.test.context.support.AbstractDirtiesContextTestExecutionListener - Before test class: context [DefaultTestContext@4328a8e9 testClass = PersonServiceTest, testInstance = [null], testMethod = [null], testException = [null], mergedContextConfiguration = [WebMergedContextConfiguration@4a18ad9f testClass = PersonServiceTest, locations = '{}', classes = '{class com.example.VacBook.VacBookApplication}', contextInitializerClasses = '[]', activeProfiles = '{}', propertySourceLocations = '{}', propertySourceProperties = '{org.springframework.boot.test.context.SpringBootTestContextBootstrapper=true}', contextCustomizers = set[org.springframework.boot.test.autoconfigure.actuate.metrics.MetricsExportContextCustomizerFactory$DisableMetricExportContextCustomizer@98dda57, org.springframework.boot.test.autoconfigure.properties.PropertyMappingContextCustomizer@0, org.springframework.boot.test.autoconfigure.web.servlet.WebDriverContextCustomizerFactory$Customizer@22c93196, org.springframework.boot.test.context.filter.ExcludeFilterContextCustomizer@1a97d905, org.springframework.boot.test.json.DuplicateJsonObjectContextCustomizerFactory$DuplicateJsonObjectContextCustomizer@485a85d9, org.springframework.boot.test.mock.mockito.MockitoContextCustomizer@683355d0, org.springframework.boot.test.web.client.TestRestTemplateContextCustomizer@2453b6e1, org.springframework.boot.test.context.SpringBootTestArgs@1, org.springframework.boot.test.context.SpringBootTestWebEnvironment@36dd6c00], resourceBasePath = 'src/main/webapp', contextLoader = 'org.springframework.boot.test.context.SpringBootContextLoader', parent = [null]], attributes = map['org.springframework.test.context.web.ServletTestExecutionListener.activateListener' -> true]], class annotated with @DirtiesContext [false] with mode [null].
15:13:50.526 [Test worker] DEBUG org.springframework.test.context.support.TestPropertySourceUtils - Adding inlined properties to environment: {spring.jmx.enabled=false, org.springframework.boot.test.context.SpringBootTestContextBootstrapper=true}

  .   ____          _            __ _ _
 /\\ / ___'_ __ _ _(_)_ __  __ _ \ \ \ \
( ( )\___ | '_ | '_| | '_ \/ _` | \ \ \ \
 \\/  ___)| |_)| | | | | || (_| |  ) ) ) )
  '  |____| .__|_| |_|_| |_\__, | / / / /
 =========|_|==============|___/=/_/_/_/
 :: Spring Boot ::                (v2.5.3)

2021-08-02 15:13:55.935  INFO 25497 --- [    Test worker] c.e.VacBook.service.PersonServiceTest    : Starting PersonServiceTest using Java 16.0.1 on PE-BGLR-363.local with PID 25497 (started by avina in /Users/avina/Downloads/VacBook)
2021-08-02 15:13:55.941  INFO 25497 --- [    Test worker] c.e.VacBook.service.PersonServiceTest    : No active profile set, falling back to default profiles: default
2021-08-02 15:13:57.273  INFO 25497 --- [    Test worker] .s.d.r.c.RepositoryConfigurationDelegate : Bootstrapping Spring Data JPA repositories in DEFAULT mode.
2021-08-02 15:13:57.362  INFO 25497 --- [    Test worker] .s.d.r.c.RepositoryConfigurationDelegate : Finished Spring Data repository scanning in 79 ms. Found 2 JPA repository interfaces.
2021-08-02 15:14:00.340  INFO 25497 --- [    Test worker] o.hibernate.jpa.internal.util.LogHelper  : HHH000204: Processing PersistenceUnitInfo [name: default]
2021-08-02 15:14:00.394  INFO 25497 --- [    Test worker] org.hibernate.Version                    : HHH000412: Hibernate ORM core version 5.4.32.Final
2021-08-02 15:14:00.448  INFO 25497 --- [    Test worker] o.hibernate.annotations.common.Version   : HCANN000001: Hibernate Commons Annotations {5.1.2.Final}
2021-08-02 15:14:00.581  INFO 25497 --- [    Test worker] com.zaxxer.hikari.HikariDataSource       : HikariPool-1 - Starting...
2021-08-02 15:14:01.101  INFO 25497 --- [    Test worker] com.zaxxer.hikari.HikariDataSource       : HikariPool-1 - Start completed.
2021-08-02 15:14:01.118  INFO 25497 --- [    Test worker] org.hibernate.dialect.Dialect            : HHH000400: Using dialect: org.hibernate.dialect.MySQL57Dialect
2021-08-02 15:14:01.873  INFO 25497 --- [    Test worker] o.h.e.t.j.p.i.JtaPlatformInitiator       : HHH000490: Using JtaPlatform implementation: [org.hibernate.engine.transaction.jta.platform.internal.NoJtaPlatform]
2021-08-02 15:14:01.882  INFO 25497 --- [    Test worker] j.LocalContainerEntityManagerFactoryBean : Initialized JPA EntityManagerFactory for persistence unit 'default'
2021-08-02 15:14:02.565  WARN 25497 --- [    Test worker] JpaBaseConfiguration$JpaWebConfiguration : spring.jpa.open-in-view is enabled by default. Therefore, database queries may be performed during view rendering. Explicitly configure spring.jpa.open-in-view to disable this warning
2021-08-02 15:14:03.713  INFO 25497 --- [    Test worker] c.e.VacBook.service.PersonServiceTest    : Started PersonServiceTest in 13.179 seconds (JVM running for 14.88)
2021-08-02 15:14:03.824  INFO 25497 --- [    Test worker] c.example.VacBook.service.PersonService  : Booked slot 2 : 2 for Person : 1
]]></system-out>
  <system-err><![CDATA[]]></system-err>
</testsuite>
